#-----------------------------------------------------------
# Vivado v2018.2 (64-bit)
# SW Build 2258646 on Thu Jun 14 20:03:12 MDT 2018
# IP Build 2256618 on Thu Jun 14 22:10:49 MDT 2018
# Start of session at: Tue Dec 18 21:09:36 2018
# Process ID: 1592
# Current directory: C:/Users/user/Desktop/cs223_project
# Command line: vivado.exe -gui_launcher_event rodinguilauncherevent12972 C:\Users\user\Desktop\cs223_project\cs223_project.xpr
# Log file: C:/Users/user/Desktop/cs223_project/vivado.log
# Journal file: C:/Users/user/Desktop/cs223_project\vivado.jou
#-----------------------------------------------------------
start_gui
open_project C:/Users/user/Desktop/cs223_project/cs223_project.xpr
INFO: [Project 1-313] Project file moved from 'C:/Users/ececa/VivadoProjects18/cs223_project' since last save.
Scanning sources...
Finished scanning sources
INFO: [Project 1-230] Project 'cs223_project.xpr' upgraded for this version of Vivado.
INFO: [IP_Flow 19-234] Refreshing IP repositories
INFO: [IP_Flow 19-1704] No user IP repositories specified
INFO: [IP_Flow 19-2313] Loaded Vivado IP repository 'C:/Xilinx/Vivado/2018.2/data/ip'.
open_project: Time (s): cpu = 00:00:23 ; elapsed = 00:00:13 . Memory (MB): peak = 803.512 ; gain = 105.352
update_compile_order -fileset sources_1
exit
INFO: [Common 17-206] Exiting Vivado at Tue Dec 18 21:26:21 2018...
